{"message":"server running @ localhost:3000","level":"info"}
{"message":"Database connected!!!","level":"info"}
{"message":"server running @ localhost:3000","level":"info"}
{"message":"Database connected!!!","level":"info"}
{"message":"server running @ localhost:3000","level":"info"}
{"message":"Database connected!!!","level":"info"}
{"message":"server running @ localhost:3000","level":"info"}
{"message":"Database connected!!!","level":"info"}
{"message":"server running @ localhost:3000","level":"info"}
{"message":"Database connected!!!","level":"info"}
{"message":"server running @ localhost:3000","level":"info"}
{"message":"Database connected!!!","level":"info"}
{"message":"ex is not defined","level":"error"}
{"message":"server running @ localhost:3000","level":"info"}
{"message":"Database connected!!!","level":"info"}
{"message":"Error","level":"error"}
{"message":"server running @ localhost:3000","level":"info"}
{"message":"Database connected!!!","level":"info"}
{"message":"Error","level":"error"}
{"message":"server running @ localhost:3000","level":"info"}
{"message":"Database connected!!!","level":"info"}
{"message":"Error","level":"error"}
{"message":"server running @ localhost:3000","level":"info"}
{"message":"Database connected!!!","level":"info"}
{"message":"Error","level":"error"}
{"message":"server running @ localhost:3000","level":"info"}
{"message":"Database connected!!!","level":"info"}
{"message":"Error","level":"error"}
{"message":"server running @ localhost:3000","level":"info"}
{"message":"Database connected!!!","level":"info"}
{"message":"server running @ localhost:3000","level":"info"}
{"message":"Database connected!!!","level":"info"}
{"message":"server running @ localhost:3000","level":"info"}
{"message":"Database connected!!!","level":"info"}
{"message":"server running @ localhost:3000","level":"info"}
{"message":"Database connected!!!","level":"info"}
{"message":"server running @ localhost:3000","level":"info"}
{"message":"Database connected!!!","level":"info"}
{"message":"server running @ localhost:3000","level":"info"}
{"message":"Database connected!!!","level":"info"}
{"message":"server running @ localhost:3000","level":"info"}
{"message":"Database connected!!!","level":"info"}
{"message":"server running @ localhost:3000","level":"info"}
{"message":"Database connected!!!","level":"info"}
{"message":"server running @ localhost:3000","level":"info"}
{"message":"Database connected!!!","level":"info"}
{"message":"server running @ localhost:3000","level":"info"}
{"message":"Database connected!!!","level":"info"}
{"message":"server running @ localhost:3000","level":"info"}
{"message":"Database connected!!!","level":"info"}
{"message":"server running @ localhost:3000","level":"info"}
{"message":"Database connected!!!","level":"info"}
{"message":"server running @ localhost:3000","level":"info"}
{"message":"Database connected!!!","level":"info"}
{"message":"server running @ localhost:3000","level":"info"}
{"message":"Database connected!!!","level":"info"}
{"message":"server running @ localhost:3000","level":"info"}
{"message":"Database connected!!!","level":"info"}
{"message":"server running @ localhost:3000","level":"info"}
{"message":"Database connected!!!","level":"info"}
{"message":"token not found","level":"error"}
